<?xml version="1.0" encoding="UTF-8"?>
<!-- Generated by org.testng.reporters.JUnitReportReporter -->
<testsuite skipped="0" hostname="V1550-5493QR1" name="RestAssuredFramework.RestAssuredFramework.Third" tests="1" failures="0" timestamp="16 Sep 2018 09:07:53 GMT" time="4.580" errors="0">
  <testcase name="test4" time="4.580" classname="RestAssuredFramework.RestAssuredFramework.Third"/>
</testsuite> <!-- RestAssuredFramework.RestAssuredFramework.Third -->
