<?xml version="1.0" encoding="UTF-8"?>
<!-- Generated by org.testng.reporters.JUnitReportReporter -->
<testsuite skipped="0" hostname="V1550-5493QR1" name="RestAssuredFramework.RestAssuredFramework.First" tests="2" failures="0" timestamp="10 Sep 2018 15:08:30 GMT" time="4.073" errors="0">
  <testcase name="testDataAsString" time="1.344" classname="RestAssuredFramework.RestAssuredFramework.First"/>
  <testcase name="test" time="2.729" classname="RestAssuredFramework.RestAssuredFramework.First"/>
</testsuite> <!-- RestAssuredFramework.RestAssuredFramework.First -->
