<?xml version="1.0" encoding="UTF-8"?>
<!-- Generated by org.testng.reporters.JUnitReportReporter -->
<testsuite skipped="0" hostname="V1550-5493QR1" name="RestAssuredFramework.RestAssuredFramework.Fourth" tests="2" failures="0" timestamp="16 Sep 2018 12:11:14 GMT" time="8.189" errors="0">
  <testcase name="test1" time="5.733" classname="RestAssuredFramework.RestAssuredFramework.Fourth"/>
  <testcase name="test2" time="2.456" classname="RestAssuredFramework.RestAssuredFramework.Fourth"/>
</testsuite> <!-- RestAssuredFramework.RestAssuredFramework.Fourth -->
